<?xml version="1.0" encoding="UTF-8"?>
<testng-results ignored="0" total="1" passed="1" failed="0" skipped="0">
  <reporter-output>
  </reporter-output>
  <suite started-at="2020-09-23T14:24:20 IST" name="Default suite" finished-at="2020-09-23T14:24:20 IST" duration-ms="76">
    <groups>
    </groups>
    <test started-at="2020-09-23T14:24:20 IST" name="Default test" finished-at="2020-09-23T14:24:20 IST" duration-ms="76">
      <class name="jenkintest">
        <test-method signature="testjenkins()[pri:0, instance:jenkintest@353d0772]" started-at="2020-09-23T14:24:20 IST" name="testjenkins" finished-at="2020-09-23T14:24:20 IST" duration-ms="14" status="PASS">
          <reporter-output>
          </reporter-output>
        </test-method> <!-- testjenkins -->
      </class> <!-- jenkintest -->
    </test> <!-- Default test -->
  </suite> <!-- Default suite -->
</testng-results>
